<?xml version="1.0" encoding="UTF-8"?>
<testng-results total="1" passed="1" failed="0" skipped="0">
  <reporter-output>
  </reporter-output>
  <suite started-at="2021-11-25T15:19:39Z" name="GoogleTest" finished-at="2021-11-25T15:19:43Z" duration-ms="4412">
    <groups>
    </groups>
    <test started-at="2021-11-25T15:19:39Z" name="Command line test" finished-at="2021-11-25T15:19:43Z" duration-ms="4412">
      <class name="GoogleTest">
        <test-method signature="testGoogle()[pri:0, instance:GoogleTest@4c9f8c13]" started-at="2021-11-25T16:19:39Z" name="testGoogle" finished-at="2021-11-25T16:19:43Z" duration-ms="4403" status="PASS">
          <reporter-output>
          </reporter-output>
        </test-method> <!-- testGoogle -->
      </class> <!-- GoogleTest -->
    </test> <!-- Command line test -->
  </suite> <!-- GoogleTest -->
</testng-results>
